<?xml version="1.0" encoding="UTF-8" standalone="no"?><testsuite errors="0" failures="1" name="Cómo usuario de la página Airbnb quiero probar la reserva de un alojamiento" skipped="0" tests="1" time="71.8" timestamp="2025-10-19 12:15:58"><testcase name="reservar un alojamiento usando filtros en la pagina Airbnb"><failure message="&#13;&#10;Expected: an element that is visible&#13;&#10;     but: no matching element found by [[ChromeDriver: chrome on windows (5e64655c93cc43b807970166a9f75c4b)] -&gt; xpath: (//*[contains(text(), 'COP')])[1]]" type="java.lang.AssertionError">&#13;
Expected: an element that is visible&#13;
     but: no matching element found by [[ChromeDriver: chrome on windows (5e64655c93cc43b807970166a9f75c4b)] -&gt; xpath: (//*[contains(text(), 'COP')])[1]]</failure><system-err>&#13;
Expected: an element that is visible&#13;
     but: no matching element found by [[ChromeDriver: chrome on windows (5e64655c93cc43b807970166a9f75c4b)] -&gt; xpath: (//*[contains(text(), 'COP')])[1]]&#13;
com.SPAirbnb.tasks.ExtraerDetallesAlojamientoTask.performAs(ExtraerDetallesAlojamientoTask.java:43)&#13;
net.thucydides.core.steps.StepInterceptor.invokeMethod(StepInterceptor.java:523)&#13;
net.thucydides.core.steps.StepInterceptor.executeTestStepMethod(StepInterceptor.java:503)&#13;
net.thucydides.core.steps.StepInterceptor.runTestStep(StepInterceptor.java:475)&#13;
net.thucydides.core.steps.StepInterceptor.runOrSkipMethod(StepInterceptor.java:217)&#13;
net.thucydides.core.steps.StepInterceptor.testStepResult(StepInterceptor.java:204)&#13;
net.thucydides.core.steps.StepInterceptor.intercept(StepInterceptor.java:92)&#13;
stepDefinitions.ReservaStepDefinition.elUsuarioExtraeElNombrePrecioYAnfitrionDelAlojamientoSeleccionado(ReservaStepDefinition.java:88)&#13;
io.cucumber.java.Invoker.doInvoke(Invoker.java:66)&#13;
io.cucumber.java.Invoker.invoke(Invoker.java:24)&#13;
io.cucumber.java.AbstractGlueDefinition.invokeMethod(AbstractGlueDefinition.java:47)&#13;
io.cucumber.java.JavaStepDefinition.execute(JavaStepDefinition.java:29)&#13;
io.cucumber.core.runner.CoreStepDefinition.execute(CoreStepDefinition.java:66)&#13;
io.cucumber.core.runner.PickleStepDefinitionMatch.runStep(PickleStepDefinitionMatch.java:63)&#13;
io.cucumber.core.runner.TestStep.executeStep(TestStep.java:84)&#13;
io.cucumber.core.runner.TestStep.run(TestStep.java:56)&#13;
io.cucumber.core.runner.PickleStepTestStep.run(PickleStepTestStep.java:51)&#13;
io.cucumber.core.runner.TestCase.run(TestCase.java:84)&#13;
io.cucumber.core.runner.Runner.runPickle(Runner.java:75)&#13;
io.cucumber.core.runtime.CucumberExecutionContext.lambda$runTestCase$5(CucumberExecutionContext.java:137)&#13;
io.cucumber.core.runtime.RethrowingThrowableCollector.executeAndThrow(RethrowingThrowableCollector.java:23)&#13;
io.cucumber.core.runtime.CucumberExecutionContext.runTestCase(CucumberExecutionContext.java:137)&#13;
io.cucumber.junit.FeatureRunner.runChild(FeatureRunner.java:144)&#13;
io.cucumber.junit.FeatureRunner.runChild(FeatureRunner.java:28)&#13;
io.cucumber.junit.FeatureRunner.run(FeatureRunner.java:137)&#13;
io.cucumber.junit.CucumberSerenityBaseRunner.runChild(CucumberSerenityBaseRunner.java:332)&#13;
io.cucumber.junit.CucumberSerenityBaseRunner.runChild(CucumberSerenityBaseRunner.java:53)&#13;
worker.org.gradle.process.internal.worker.GradleWorkerMain.run(GradleWorkerMain.java:69)&#13;
worker.org.gradle.process.internal.worker.GradleWorkerMain.main(GradleWorkerMain.java:74)&#13;
</system-err></testcase></testsuite>